<?xml version="1.0" encoding="UTF-8"?>
<!-- Generated by org.testng.reporters.JUnitXMLReporter -->
<testsuite hostname="ip-172-31-86-163" ignored="0" name="Default test" tests="4" failures="0" timestamp="2020-11-09T21:49:24 UTC" time="22.948" errors="0">
  <testcase name="LaunchChrome" time="3.623" classname="test.ParallelTest"/>
  <testcase name="LaunchFirefox" time="6.981" classname="test.ParallelTest"/>
  <testcase name="TryFacebook1" time="9.327" classname="test.ParallelTest"/>
  <testcase name="TryFacebook2" time="2.981" classname="test.ParallelTest"/>
</testsuite> <!-- Default test -->
