<?xml version="1.0" encoding="UTF-8"?>
<testng-results skipped="0" failed="0" ignored="0" total="4" passed="4">
  <reporter-output>
  </reporter-output>
  <suite name="Suite" duration-ms="17911" started-at="2020-11-09T21:57:06 UTC" finished-at="2020-11-09T21:57:24 UTC">
    <groups>
      <group name="Chrome">
        <method signature="ParallelTest.LaunchChrome()[pri:0, instance:test.ParallelTest@32709393]" name="LaunchChrome" class="test.ParallelTest"/>
        <method signature="ParallelTest.TryFacebook1()[pri:0, instance:test.ParallelTest@32709393]" name="TryFacebook1" class="test.ParallelTest"/>
      </group> <!-- Chrome -->
      <group name="Firefox">
        <method signature="ParallelTest.LaunchFirefox()[pri:0, instance:test.ParallelTest@32709393]" name="LaunchFirefox" class="test.ParallelTest"/>
        <method signature="ParallelTest.TryFacebook2()[pri:0, instance:test.ParallelTest@32709393]" name="TryFacebook2" class="test.ParallelTest"/>
      </group> <!-- Firefox -->
    </groups>
    <test name="Test" duration-ms="17911" started-at="2020-11-09T21:57:06 UTC" finished-at="2020-11-09T21:57:24 UTC">
      <class name="test.ParallelTest">
        <test-method status="PASS" signature="LaunchChrome()[pri:0, instance:test.ParallelTest@32709393]" name="LaunchChrome" duration-ms="3697" started-at="2020-11-09T21:57:06 UTC" finished-at="2020-11-09T21:57:10 UTC">
          <reporter-output>
          </reporter-output>
        </test-method> <!-- LaunchChrome -->
        <test-method status="PASS" signature="LaunchFirefox()[pri:0, instance:test.ParallelTest@32709393]" name="LaunchFirefox" duration-ms="7234" started-at="2020-11-09T21:57:10 UTC" finished-at="2020-11-09T21:57:17 UTC">
          <reporter-output>
          </reporter-output>
        </test-method> <!-- LaunchFirefox -->
        <test-method status="PASS" signature="TryFacebook1()[pri:0, instance:test.ParallelTest@32709393]" name="TryFacebook1" duration-ms="4802" started-at="2020-11-09T21:57:17 UTC" depends-on-methods="test.ParallelTest.LaunchChrome" finished-at="2020-11-09T21:57:22 UTC">
          <reporter-output>
          </reporter-output>
        </test-method> <!-- TryFacebook1 -->
        <test-method status="PASS" signature="TryFacebook2()[pri:0, instance:test.ParallelTest@32709393]" name="TryFacebook2" duration-ms="2131" started-at="2020-11-09T21:57:22 UTC" depends-on-methods="test.ParallelTest.LaunchFirefox" finished-at="2020-11-09T21:57:24 UTC">
          <reporter-output>
          </reporter-output>
        </test-method> <!-- TryFacebook2 -->
      </class> <!-- test.ParallelTest -->
    </test> <!-- Test -->
  </suite> <!-- Suite -->
</testng-results>
