<?xml version="1.0" encoding="UTF-8"?>
<!-- Generated by org.testng.reporters.JUnitXMLReporter -->
<testsuite hostname="ip-172-31-86-163" ignored="0" name="Test" tests="4" failures="0" timestamp="2020-11-09T21:36:13 UTC" time="50.592" errors="0">
  <testcase name="LaunchChrome" time="20.34" classname="test.ParallelTest"/>
  <testcase name="LaunchFirefox" time="24.137" classname="test.ParallelTest"/>
  <testcase name="TryFacebook1" time="4.872" classname="test.ParallelTest"/>
  <testcase name="TryFacebook2" time="1.196" classname="test.ParallelTest"/>
</testsuite> <!-- Test -->
