<?xml version="1.0" encoding="UTF-8"?>
<!-- Generated by org.testng.reporters.JUnitXMLReporter -->
<testsuite hostname="ip-172-31-86-163" ignored="0" name="Test" tests="4" failures="0" timestamp="2020-11-09T21:57:24 UTC" time="17.911" errors="0">
  <testcase name="LaunchChrome" time="3.697" classname="test.ParallelTest"/>
  <testcase name="LaunchFirefox" time="7.234" classname="test.ParallelTest"/>
  <testcase name="TryFacebook1" time="4.802" classname="test.ParallelTest"/>
  <testcase name="TryFacebook2" time="2.131" classname="test.ParallelTest"/>
</testsuite> <!-- Test -->
